build/intermediates/manifest_merge_blame_file/release/processReleaseMainManifest/manifest-merger-blame-release-report.txt
1<?xml version="1.0" encoding="utf-8"?>
2<manifest xmlns:android="http://schemas.android.com/apk/res/android"
3    package="com.citizenconnect.app.sih25"
4    android:versionCode="1"
5    android:versionName="1.0" >
6
7    <uses-sdk
8        android:minSdkVersion="26"
9        android:targetSdkVersion="35" />
10
11    <uses-permission android:name="android.permission.INTERNET" />
11-->src\main\AndroidManifest.xml:4:5-66
11-->src\main\AndroidManifest.xml:4:22-64
12    <uses-permission android:name="android.permission.ACCESS_NETWORK_STATE" />
12-->src\main\AndroidManifest.xml:5:5-78
12-->src\main\AndroidManifest.xml:5:22-76
13    <uses-permission android:name="android.permission.ACCESS_FINE_LOCATION" />
13-->src\main\AndroidManifest.xml:6:5-78
13-->src\main\AndroidManifest.xml:6:22-76
14    <uses-permission android:name="android.permission.ACCESS_COARSE_LOCATION" />
14-->src\main\AndroidManifest.xml:7:5-80
14-->src\main\AndroidManifest.xml:7:22-78
15    <uses-permission android:name="android.permission.CAMERA" />
15-->src\main\AndroidManifest.xml:8:5-64
15-->src\main\AndroidManifest.xml:8:22-62
16    <uses-permission
16-->src\main\AndroidManifest.xml:9:5-106
17        android:name="android.permission.READ_EXTERNAL_STORAGE"
17-->src\main\AndroidManifest.xml:9:22-77
18        android:maxSdkVersion="32" />
18-->src\main\AndroidManifest.xml:9:78-104
19    <uses-permission android:name="android.permission.READ_MEDIA_IMAGES" />
19-->src\main\AndroidManifest.xml:10:5-75
19-->src\main\AndroidManifest.xml:10:22-73
20
21    <uses-feature
21-->src\main\AndroidManifest.xml:11:5-84
22        android:name="android.hardware.camera"
22-->src\main\AndroidManifest.xml:11:19-57
23        android:required="false" />
23-->src\main\AndroidManifest.xml:11:58-82
24
25    <uses-permission android:name="android.permission.POST_NOTIFICATIONS" />
25-->[com.google.firebase:firebase-messaging:23.4.0] AndroidManifest.xml:23:5-77
25-->[com.google.firebase:firebase-messaging:23.4.0] AndroidManifest.xml:23:22-74
26    <uses-permission android:name="android.permission.WAKE_LOCK" /> <!-- Required by older versions of Google Play services to create IID tokens -->
26-->[com.google.firebase:firebase-messaging:23.4.0] AndroidManifest.xml:24:5-68
26-->[com.google.firebase:firebase-messaging:23.4.0] AndroidManifest.xml:24:22-65
27    <uses-permission android:name="com.google.android.c2dm.permission.RECEIVE" />
27-->[com.google.firebase:firebase-messaging:23.4.0] AndroidManifest.xml:26:5-82
27-->[com.google.firebase:firebase-messaging:23.4.0] AndroidManifest.xml:26:22-79
28    <uses-permission android:name="android.permission.RECEIVE_BOOT_COMPLETED" />
28-->[androidx.work:work-runtime:2.9.0] AndroidManifest.xml:25:5-81
28-->[androidx.work:work-runtime:2.9.0] AndroidManifest.xml:25:22-78
29    <uses-permission android:name="android.permission.FOREGROUND_SERVICE" />
29-->[androidx.work:work-runtime:2.9.0] AndroidManifest.xml:26:5-77
29-->[androidx.work:work-runtime:2.9.0] AndroidManifest.xml:26:22-74
30
31    <permission
31-->[androidx.core:core:1.12.0] AndroidManifest.xml:22:5-24:47
32        android:name="com.citizenconnect.app.sih25.DYNAMIC_RECEIVER_NOT_EXPORTED_PERMISSION"
32-->[androidx.core:core:1.12.0] AndroidManifest.xml:23:9-81
33        android:protectionLevel="signature" />
33-->[androidx.core:core:1.12.0] AndroidManifest.xml:24:9-44
34
35    <uses-permission android:name="com.citizenconnect.app.sih25.DYNAMIC_RECEIVER_NOT_EXPORTED_PERMISSION" />
35-->[androidx.core:core:1.12.0] AndroidManifest.xml:26:5-97
35-->[androidx.core:core:1.12.0] AndroidManifest.xml:26:22-94
36
37    <application
37-->src\main\AndroidManifest.xml:12:5-53:19
38        android:name="com.citizenconnect.app.CitizenApp"
38-->src\main\AndroidManifest.xml:13:9-35
39        android:allowBackup="true"
39-->src\main\AndroidManifest.xml:14:9-35
40        android:appComponentFactory="androidx.core.app.CoreComponentFactory"
40-->[androidx.core:core:1.12.0] AndroidManifest.xml:28:18-86
41        android:extractNativeLibs="false"
42        android:hardwareAccelerated="true"
42-->src\main\AndroidManifest.xml:20:9-43
43        android:icon="@mipmap/ic_launcher"
43-->src\main\AndroidManifest.xml:15:9-43
44        android:label="CitizenConnect"
44-->src\main\AndroidManifest.xml:16:9-39
45        android:roundIcon="@mipmap/ic_launcher"
45-->src\main\AndroidManifest.xml:17:9-48
46        android:supportsRtl="true"
46-->src\main\AndroidManifest.xml:18:9-35
47        android:theme="@style/Theme.CitizenConnect" >
47-->src\main\AndroidManifest.xml:19:9-52
48        <service
48-->src\main\AndroidManifest.xml:23:9-30:19
49            android:name="androidx.appcompat.app.AppLocalesMetadataHolderService"
49-->src\main\AndroidManifest.xml:24:13-82
50            android:enabled="false"
50-->src\main\AndroidManifest.xml:25:13-36
51            android:exported="false" >
51-->src\main\AndroidManifest.xml:26:13-37
52            <meta-data
52-->src\main\AndroidManifest.xml:27:13-29:40
53                android:name="autoStoreLocales"
53-->src\main\AndroidManifest.xml:28:17-48
54                android:value="true" />
54-->src\main\AndroidManifest.xml:29:17-37
55        </service>
56
57        <activity
57-->src\main\AndroidManifest.xml:32:9-38:20
58            android:name="com.citizenconnect.app.ui.splash.SplashActivity"
58-->src\main\AndroidManifest.xml:32:19-59
59            android:exported="true"
59-->src\main\AndroidManifest.xml:32:60-83
60            android:screenOrientation="portrait"
60-->src\main\AndroidManifest.xml:33:64-100
61            android:theme="@style/Theme.CitizenConnect.Splash" >
61-->src\main\AndroidManifest.xml:33:13-63
62            <intent-filter>
62-->src\main\AndroidManifest.xml:34:13-37:29
63                <action android:name="android.intent.action.MAIN" />
63-->src\main\AndroidManifest.xml:35:17-68
63-->src\main\AndroidManifest.xml:35:25-66
64
65                <category android:name="android.intent.category.LAUNCHER" />
65-->src\main\AndroidManifest.xml:36:17-76
65-->src\main\AndroidManifest.xml:36:27-74
66            </intent-filter>
67        </activity>
68        <activity
68-->src\main\AndroidManifest.xml:39:9-138
69            android:name="com.citizenconnect.app.ui.auth.LoginActivity"
69-->src\main\AndroidManifest.xml:39:19-56
70            android:screenOrientation="portrait"
70-->src\main\AndroidManifest.xml:39:57-93
71            android:windowSoftInputMode="adjustResize" />
71-->src\main\AndroidManifest.xml:39:94-136
72        <activity
72-->src\main\AndroidManifest.xml:40:9-139
73            android:name="com.citizenconnect.app.ui.auth.SignupActivity"
73-->src\main\AndroidManifest.xml:40:19-57
74            android:screenOrientation="portrait"
74-->src\main\AndroidManifest.xml:40:58-94
75            android:windowSoftInputMode="adjustResize" />
75-->src\main\AndroidManifest.xml:40:95-137
76        <activity
76-->src\main\AndroidManifest.xml:41:9-94
77            android:name="com.citizenconnect.app.ui.home.HomeActivity"
77-->src\main\AndroidManifest.xml:41:19-55
78            android:screenOrientation="portrait" />
78-->src\main\AndroidManifest.xml:41:56-92
79        <activity
79-->src\main\AndroidManifest.xml:42:9-143
80            android:name="com.citizenconnect.app.ui.chatbot.ChatBotActivity"
80-->src\main\AndroidManifest.xml:42:19-61
81            android:screenOrientation="portrait"
81-->src\main\AndroidManifest.xml:42:62-98
82            android:windowSoftInputMode="adjustResize" />
82-->src\main\AndroidManifest.xml:42:99-141
83        <activity
83-->src\main\AndroidManifest.xml:43:9-146
84            android:name="com.citizenconnect.app.ui.report.ReportIssueActivity"
84-->src\main\AndroidManifest.xml:43:19-64
85            android:screenOrientation="portrait"
85-->src\main\AndroidManifest.xml:43:65-101
86            android:windowSoftInputMode="adjustResize" />
86-->src\main\AndroidManifest.xml:43:102-144
87        <activity
87-->src\main\AndroidManifest.xml:44:9-108
88            android:name="com.citizenconnect.app.ui.complaints.MyComplaintsActivity"
88-->src\main\AndroidManifest.xml:44:19-69
89            android:screenOrientation="portrait" />
89-->src\main\AndroidManifest.xml:44:70-106
90        <activity
90-->src\main\AndroidManifest.xml:45:9-100
91            android:name="com.citizenconnect.app.ui.profile.ProfileActivity"
91-->src\main\AndroidManifest.xml:45:19-61
92            android:screenOrientation="portrait" />
92-->src\main\AndroidManifest.xml:45:62-98
93        <activity
93-->src\main\AndroidManifest.xml:46:9-147
94            android:name="com.citizenconnect.app.ui.profile.EditProfileActivity"
94-->src\main\AndroidManifest.xml:46:19-65
95            android:screenOrientation="portrait"
95-->src\main\AndroidManifest.xml:46:66-102
96            android:windowSoftInputMode="adjustResize" />
96-->src\main\AndroidManifest.xml:46:103-145
97        <activity
97-->src\main\AndroidManifest.xml:47:9-107
98            android:name="com.citizenconnect.app.ui.detail.ComplaintDetailActivity"
98-->src\main\AndroidManifest.xml:47:19-68
99            android:screenOrientation="portrait" />
99-->src\main\AndroidManifest.xml:47:69-105
100
101        <provider
102            android:name="androidx.core.content.FileProvider"
102-->src\main\AndroidManifest.xml:48:19-68
103            android:authorities="com.citizenconnect.app.sih25.fileprovider"
103-->src\main\AndroidManifest.xml:49:13-64
104            android:exported="false"
104-->src\main\AndroidManifest.xml:50:13-37
105            android:grantUriPermissions="true" >
105-->src\main\AndroidManifest.xml:50:38-72
106            <meta-data
106-->src\main\AndroidManifest.xml:51:13-111
107                android:name="android.support.FILE_PROVIDER_PATHS"
107-->src\main\AndroidManifest.xml:51:24-74
108                android:resource="@xml/file_paths" />
108-->src\main\AndroidManifest.xml:51:75-109
109        </provider>
110
111        <service
111-->[androidx.credentials:credentials-play-services-auth:1.3.0] AndroidManifest.xml:24:9-32:19
112            android:name="androidx.credentials.playservices.CredentialProviderMetadataHolder"
112-->[androidx.credentials:credentials-play-services-auth:1.3.0] AndroidManifest.xml:25:13-94
113            android:enabled="true"
113-->[androidx.credentials:credentials-play-services-auth:1.3.0] AndroidManifest.xml:26:13-35
114            android:exported="false" >
114-->[androidx.credentials:credentials-play-services-auth:1.3.0] AndroidManifest.xml:27:13-37
115            <meta-data
115-->[androidx.credentials:credentials-play-services-auth:1.3.0] AndroidManifest.xml:29:13-31:104
116                android:name="androidx.credentials.CREDENTIAL_PROVIDER_KEY"
116-->[androidx.credentials:credentials-play-services-auth:1.3.0] AndroidManifest.xml:30:17-76
117                android:value="androidx.credentials.playservices.CredentialProviderPlayServicesImpl" />
117-->[androidx.credentials:credentials-play-services-auth:1.3.0] AndroidManifest.xml:31:17-101
118        </service>
119
120        <activity
120-->[androidx.credentials:credentials-play-services-auth:1.3.0] AndroidManifest.xml:34:9-41:20
121            android:name="androidx.credentials.playservices.HiddenActivity"
121-->[androidx.credentials:credentials-play-services-auth:1.3.0] AndroidManifest.xml:35:13-76
122            android:configChanges="orientation|screenSize|screenLayout|keyboardHidden"
122-->[androidx.credentials:credentials-play-services-auth:1.3.0] AndroidManifest.xml:36:13-87
123            android:enabled="true"
123-->[androidx.credentials:credentials-play-services-auth:1.3.0] AndroidManifest.xml:37:13-35
124            android:exported="false"
124-->[androidx.credentials:credentials-play-services-auth:1.3.0] AndroidManifest.xml:38:13-37
125            android:fitsSystemWindows="true"
125-->[androidx.credentials:credentials-play-services-auth:1.3.0] AndroidManifest.xml:39:13-45
126            android:theme="@style/Theme.Hidden" >
126-->[androidx.credentials:credentials-play-services-auth:1.3.0] AndroidManifest.xml:40:13-48
127        </activity>
128        <activity
128-->[com.google.android.gms:play-services-auth:21.1.1] AndroidManifest.xml:23:9-27:75
129            android:name="com.google.android.gms.auth.api.signin.internal.SignInHubActivity"
129-->[com.google.android.gms:play-services-auth:21.1.1] AndroidManifest.xml:24:13-93
130            android:excludeFromRecents="true"
130-->[com.google.android.gms:play-services-auth:21.1.1] AndroidManifest.xml:25:13-46
131            android:exported="false"
131-->[com.google.android.gms:play-services-auth:21.1.1] AndroidManifest.xml:26:13-37
132            android:theme="@android:style/Theme.Translucent.NoTitleBar" />
132-->[com.google.android.gms:play-services-auth:21.1.1] AndroidManifest.xml:27:13-72
133        <!--
134            Service handling Google Sign-In user revocation. For apps that do not integrate with
135            Google Sign-In, this service will never be started.
136        -->
137        <service
137-->[com.google.android.gms:play-services-auth:21.1.1] AndroidManifest.xml:33:9-37:51
138            android:name="com.google.android.gms.auth.api.signin.RevocationBoundService"
138-->[com.google.android.gms:play-services-auth:21.1.1] AndroidManifest.xml:34:13-89
139            android:exported="true"
139-->[com.google.android.gms:play-services-auth:21.1.1] AndroidManifest.xml:35:13-36
140            android:permission="com.google.android.gms.auth.api.signin.permission.REVOCATION_NOTIFICATION"
140-->[com.google.android.gms:play-services-auth:21.1.1] AndroidManifest.xml:36:13-107
141            android:visibleToInstantApps="true" />
141-->[com.google.android.gms:play-services-auth:21.1.1] AndroidManifest.xml:37:13-48
142        <service
142-->[com.google.firebase:firebase-auth-ktx:22.3.0] AndroidManifest.xml:8:9-14:19
143            android:name="com.google.firebase.components.ComponentDiscoveryService"
143-->[com.google.firebase:firebase-auth-ktx:22.3.0] AndroidManifest.xml:9:13-84
144            android:directBootAware="true"
144-->[com.google.firebase:firebase-common:20.4.2] AndroidManifest.xml:32:13-43
145            android:exported="false" >
145-->[com.google.firebase:firebase-auth-ktx:22.3.0] AndroidManifest.xml:10:13-37
146            <meta-data
146-->[com.google.firebase:firebase-auth-ktx:22.3.0] AndroidManifest.xml:11:13-13:85
147                android:name="com.google.firebase.components:com.google.firebase.auth.ktx.FirebaseAuthLegacyRegistrar"
147-->[com.google.firebase:firebase-auth-ktx:22.3.0] AndroidManifest.xml:12:17-119
148                android:value="com.google.firebase.components.ComponentRegistrar" />
148-->[com.google.firebase:firebase-auth-ktx:22.3.0] AndroidManifest.xml:13:17-82
149            <meta-data
149-->[com.google.firebase:firebase-auth:22.3.0] AndroidManifest.xml:69:13-71:85
150                android:name="com.google.firebase.components:com.google.firebase.auth.FirebaseAuthRegistrar"
150-->[com.google.firebase:firebase-auth:22.3.0] AndroidManifest.xml:70:17-109
151                android:value="com.google.firebase.components.ComponentRegistrar" />
151-->[com.google.firebase:firebase-auth:22.3.0] AndroidManifest.xml:71:17-82
152            <meta-data
152-->[com.google.firebase:firebase-storage-ktx:20.3.0] AndroidManifest.xml:12:13-14:85
153                android:name="com.google.firebase.components:com.google.firebase.storage.ktx.FirebaseStorageLegacyRegistrar"
153-->[com.google.firebase:firebase-storage-ktx:20.3.0] AndroidManifest.xml:13:17-125
154                android:value="com.google.firebase.components.ComponentRegistrar" />
154-->[com.google.firebase:firebase-storage-ktx:20.3.0] AndroidManifest.xml:14:17-82
155            <meta-data
155-->[com.google.firebase:firebase-storage:20.3.0] AndroidManifest.xml:30:13-32:85
156                android:name="com.google.firebase.components:com.google.firebase.storage.FirebaseStorageKtxRegistrar"
156-->[com.google.firebase:firebase-storage:20.3.0] AndroidManifest.xml:31:17-118
157                android:value="com.google.firebase.components.ComponentRegistrar" />
157-->[com.google.firebase:firebase-storage:20.3.0] AndroidManifest.xml:32:17-82
158            <meta-data
158-->[com.google.firebase:firebase-storage:20.3.0] AndroidManifest.xml:33:13-35:85
159                android:name="com.google.firebase.components:com.google.firebase.storage.StorageRegistrar"
159-->[com.google.firebase:firebase-storage:20.3.0] AndroidManifest.xml:34:17-107
160                android:value="com.google.firebase.components.ComponentRegistrar" />
160-->[com.google.firebase:firebase-storage:20.3.0] AndroidManifest.xml:35:17-82
161            <meta-data
161-->[com.google.firebase:firebase-database-ktx:20.3.0] AndroidManifest.xml:12:13-14:85
162                android:name="com.google.firebase.components:com.google.firebase.database.ktx.FirebaseDatabaseLegacyRegistrar"
162-->[com.google.firebase:firebase-database-ktx:20.3.0] AndroidManifest.xml:13:17-127
163                android:value="com.google.firebase.components.ComponentRegistrar" />
163-->[com.google.firebase:firebase-database-ktx:20.3.0] AndroidManifest.xml:14:17-82
164            <meta-data
164-->[com.google.firebase:firebase-database:20.3.0] AndroidManifest.xml:29:13-31:85
165                android:name="com.google.firebase.components:com.google.firebase.database.FirebaseDatabaseKtxRegistrar"
165-->[com.google.firebase:firebase-database:20.3.0] AndroidManifest.xml:30:17-120
166                android:value="com.google.firebase.components.ComponentRegistrar" />
166-->[com.google.firebase:firebase-database:20.3.0] AndroidManifest.xml:31:17-82
167            <meta-data
167-->[com.google.firebase:firebase-database:20.3.0] AndroidManifest.xml:32:13-34:85
168                android:name="com.google.firebase.components:com.google.firebase.database.DatabaseRegistrar"
168-->[com.google.firebase:firebase-database:20.3.0] AndroidManifest.xml:33:17-109
169                android:value="com.google.firebase.components.ComponentRegistrar" />
169-->[com.google.firebase:firebase-database:20.3.0] AndroidManifest.xml:34:17-82
170            <meta-data
170-->[com.google.firebase:firebase-firestore-ktx:24.10.0] AndroidManifest.xml:12:13-14:85
171                android:name="com.google.firebase.components:com.google.firebase.firestore.ktx.FirebaseFirestoreLegacyRegistrar"
171-->[com.google.firebase:firebase-firestore-ktx:24.10.0] AndroidManifest.xml:13:17-129
172                android:value="com.google.firebase.components.ComponentRegistrar" />
172-->[com.google.firebase:firebase-firestore-ktx:24.10.0] AndroidManifest.xml:14:17-82
173            <meta-data
173-->[com.google.firebase:firebase-firestore:24.10.0] AndroidManifest.xml:17:13-19:85
174                android:name="com.google.firebase.components:com.google.firebase.firestore.FirebaseFirestoreKtxRegistrar"
174-->[com.google.firebase:firebase-firestore:24.10.0] AndroidManifest.xml:18:17-122
175                android:value="com.google.firebase.components.ComponentRegistrar" />
175-->[com.google.firebase:firebase-firestore:24.10.0] AndroidManifest.xml:19:17-82
176            <meta-data
176-->[com.google.firebase:firebase-firestore:24.10.0] AndroidManifest.xml:20:13-22:85
177                android:name="com.google.firebase.components:com.google.firebase.firestore.FirestoreRegistrar"
177-->[com.google.firebase:firebase-firestore:24.10.0] AndroidManifest.xml:21:17-111
178                android:value="com.google.firebase.components.ComponentRegistrar" />
178-->[com.google.firebase:firebase-firestore:24.10.0] AndroidManifest.xml:22:17-82
179            <meta-data
179-->[com.google.firebase:firebase-messaging-ktx:23.4.0] AndroidManifest.xml:26:13-28:85
180                android:name="com.google.firebase.components:com.google.firebase.messaging.ktx.FirebaseMessagingLegacyRegistrar"
180-->[com.google.firebase:firebase-messaging-ktx:23.4.0] AndroidManifest.xml:27:17-129
181                android:value="com.google.firebase.components.ComponentRegistrar" />
181-->[com.google.firebase:firebase-messaging-ktx:23.4.0] AndroidManifest.xml:28:17-82
182            <meta-data
182-->[com.google.firebase:firebase-messaging:23.4.0] AndroidManifest.xml:57:13-59:85
183                android:name="com.google.firebase.components:com.google.firebase.messaging.FirebaseMessagingKtxRegistrar"
183-->[com.google.firebase:firebase-messaging:23.4.0] AndroidManifest.xml:58:17-122
184                android:value="com.google.firebase.components.ComponentRegistrar" />
184-->[com.google.firebase:firebase-messaging:23.4.0] AndroidManifest.xml:59:17-82
185            <meta-data
185-->[com.google.firebase:firebase-messaging:23.4.0] AndroidManifest.xml:60:13-62:85
186                android:name="com.google.firebase.components:com.google.firebase.messaging.FirebaseMessagingRegistrar"
186-->[com.google.firebase:firebase-messaging:23.4.0] AndroidManifest.xml:61:17-119
187                android:value="com.google.firebase.components.ComponentRegistrar" />
187-->[com.google.firebase:firebase-messaging:23.4.0] AndroidManifest.xml:62:17-82
188            <meta-data
188-->[com.google.firebase:firebase-appcheck:17.1.1] AndroidManifest.xml:25:13-27:85
189                android:name="com.google.firebase.components:com.google.firebase.appcheck.FirebaseAppCheckKtxRegistrar"
189-->[com.google.firebase:firebase-appcheck:17.1.1] AndroidManifest.xml:26:17-120
190                android:value="com.google.firebase.components.ComponentRegistrar" />
190-->[com.google.firebase:firebase-appcheck:17.1.1] AndroidManifest.xml:27:17-82
191            <meta-data
191-->[com.google.firebase:firebase-appcheck:17.1.1] AndroidManifest.xml:28:13-30:85
192                android:name="com.google.firebase.components:com.google.firebase.appcheck.FirebaseAppCheckRegistrar"
192-->[com.google.firebase:firebase-appcheck:17.1.1] AndroidManifest.xml:29:17-117
193                android:value="com.google.firebase.components.ComponentRegistrar" />
193-->[com.google.firebase:firebase-appcheck:17.1.1] AndroidManifest.xml:30:17-82
194            <meta-data
194-->[com.google.firebase:firebase-installations:17.2.0] AndroidManifest.xml:15:13-17:85
195                android:name="com.google.firebase.components:com.google.firebase.installations.FirebaseInstallationsKtxRegistrar"
195-->[com.google.firebase:firebase-installations:17.2.0] AndroidManifest.xml:16:17-130
196                android:value="com.google.firebase.components.ComponentRegistrar" />
196-->[com.google.firebase:firebase-installations:17.2.0] AndroidManifest.xml:17:17-82
197            <meta-data
197-->[com.google.firebase:firebase-installations:17.2.0] AndroidManifest.xml:18:13-20:85
198                android:name="com.google.firebase.components:com.google.firebase.installations.FirebaseInstallationsRegistrar"
198-->[com.google.firebase:firebase-installations:17.2.0] AndroidManifest.xml:19:17-127
199                android:value="com.google.firebase.components.ComponentRegistrar" />
199-->[com.google.firebase:firebase-installations:17.2.0] AndroidManifest.xml:20:17-82
200            <meta-data
200-->[com.google.firebase:firebase-common-ktx:20.4.2] AndroidManifest.xml:12:13-14:85
201                android:name="com.google.firebase.components:com.google.firebase.ktx.FirebaseCommonLegacyRegistrar"
201-->[com.google.firebase:firebase-common-ktx:20.4.2] AndroidManifest.xml:13:17-116
202                android:value="com.google.firebase.components.ComponentRegistrar" />
202-->[com.google.firebase:firebase-common-ktx:20.4.2] AndroidManifest.xml:14:17-82
203            <meta-data
203-->[com.google.firebase:firebase-common:20.4.2] AndroidManifest.xml:35:13-37:85
204                android:name="com.google.firebase.components:com.google.firebase.FirebaseCommonKtxRegistrar"
204-->[com.google.firebase:firebase-common:20.4.2] AndroidManifest.xml:36:17-109
205                android:value="com.google.firebase.components.ComponentRegistrar" />
205-->[com.google.firebase:firebase-common:20.4.2] AndroidManifest.xml:37:17-82
206            <meta-data
206-->[com.google.firebase:firebase-datatransport:18.1.7] AndroidManifest.xml:27:13-29:85
207                android:name="com.google.firebase.components:com.google.firebase.datatransport.TransportRegistrar"
207-->[com.google.firebase:firebase-datatransport:18.1.7] AndroidManifest.xml:28:17-115
208                android:value="com.google.firebase.components.ComponentRegistrar" />
208-->[com.google.firebase:firebase-datatransport:18.1.7] AndroidManifest.xml:29:17-82
209        </service>
210
211        <activity
211-->[com.google.firebase:firebase-auth:22.3.0] AndroidManifest.xml:29:9-46:20
212            android:name="com.google.firebase.auth.internal.GenericIdpActivity"
212-->[com.google.firebase:firebase-auth:22.3.0] AndroidManifest.xml:30:13-80
213            android:excludeFromRecents="true"
213-->[com.google.firebase:firebase-auth:22.3.0] AndroidManifest.xml:31:13-46
214            android:exported="true"
214-->[com.google.firebase:firebase-auth:22.3.0] AndroidManifest.xml:32:13-36
215            android:launchMode="singleTask"
215-->[com.google.firebase:firebase-auth:22.3.0] AndroidManifest.xml:33:13-44
216            android:theme="@android:style/Theme.Translucent.NoTitleBar" >
216-->[com.google.firebase:firebase-auth:22.3.0] AndroidManifest.xml:34:13-72
217            <intent-filter>
217-->[com.google.firebase:firebase-auth:22.3.0] AndroidManifest.xml:35:13-45:29
218                <action android:name="android.intent.action.VIEW" />
218-->[com.google.firebase:firebase-auth:22.3.0] AndroidManifest.xml:36:17-69
218-->[com.google.firebase:firebase-auth:22.3.0] AndroidManifest.xml:36:25-66
219
220                <category android:name="android.intent.category.DEFAULT" />
220-->[com.google.firebase:firebase-auth:22.3.0] AndroidManifest.xml:38:17-76
220-->[com.google.firebase:firebase-auth:22.3.0] AndroidManifest.xml:38:27-73
221                <category android:name="android.intent.category.BROWSABLE" />
221-->[com.google.firebase:firebase-auth:22.3.0] AndroidManifest.xml:39:17-78
221-->[com.google.firebase:firebase-auth:22.3.0] AndroidManifest.xml:39:27-75
222
223                <data
223-->[com.google.firebase:firebase-auth:22.3.0] AndroidManifest.xml:41:17-44:51
224                    android:host="firebase.auth"
224-->[com.google.firebase:firebase-auth:22.3.0] AndroidManifest.xml:42:21-49
225                    android:path="/"
225-->[com.google.firebase:firebase-auth:22.3.0] AndroidManifest.xml:43:21-37
226                    android:scheme="genericidp" />
226-->[com.google.firebase:firebase-auth:22.3.0] AndroidManifest.xml:44:21-48
227            </intent-filter>
228        </activity>
229        <activity
229-->[com.google.firebase:firebase-auth:22.3.0] AndroidManifest.xml:47:9-64:20
230            android:name="com.google.firebase.auth.internal.RecaptchaActivity"
230-->[com.google.firebase:firebase-auth:22.3.0] AndroidManifest.xml:48:13-79
231            android:excludeFromRecents="true"
231-->[com.google.firebase:firebase-auth:22.3.0] AndroidManifest.xml:49:13-46
232            android:exported="true"
232-->[com.google.firebase:firebase-auth:22.3.0] AndroidManifest.xml:50:13-36
233            android:launchMode="singleTask"
233-->[com.google.firebase:firebase-auth:22.3.0] AndroidManifest.xml:51:13-44
234            android:theme="@android:style/Theme.Translucent.NoTitleBar" >
234-->[com.google.firebase:firebase-auth:22.3.0] AndroidManifest.xml:52:13-72
235            <intent-filter>
235-->[com.google.firebase:firebase-auth:22.3.0] AndroidManifest.xml:53:13-63:29
236                <action android:name="android.intent.action.VIEW" />
236-->[com.google.firebase:firebase-auth:22.3.0] AndroidManifest.xml:36:17-69
236-->[com.google.firebase:firebase-auth:22.3.0] AndroidManifest.xml:36:25-66
237
238                <category android:name="android.intent.category.DEFAULT" />
238-->[com.google.firebase:firebase-auth:22.3.0] AndroidManifest.xml:38:17-76
238-->[com.google.firebase:firebase-auth:22.3.0] AndroidManifest.xml:38:27-73
239                <category android:name="android.intent.category.BROWSABLE" />
239-->[com.google.firebase:firebase-auth:22.3.0] AndroidManifest.xml:39:17-78
239-->[com.google.firebase:firebase-auth:22.3.0] AndroidManifest.xml:39:27-75
240
241                <data
241-->[com.google.firebase:firebase-auth:22.3.0] AndroidManifest.xml:41:17-44:51
242                    android:host="firebase.auth"
242-->[com.google.firebase:firebase-auth:22.3.0] AndroidManifest.xml:42:21-49
243                    android:path="/"
243-->[com.google.firebase:firebase-auth:22.3.0] AndroidManifest.xml:43:21-37
244                    android:scheme="recaptcha" />
244-->[com.google.firebase:firebase-auth:22.3.0] AndroidManifest.xml:44:21-48
245            </intent-filter>
246        </activity>
247
248        <receiver
248-->[com.google.firebase:firebase-messaging:23.4.0] AndroidManifest.xml:29:9-40:20
249            android:name="com.google.firebase.iid.FirebaseInstanceIdReceiver"
249-->[com.google.firebase:firebase-messaging:23.4.0] AndroidManifest.xml:30:13-78
250            android:exported="true"
250-->[com.google.firebase:firebase-messaging:23.4.0] AndroidManifest.xml:31:13-36
251            android:permission="com.google.android.c2dm.permission.SEND" >
251-->[com.google.firebase:firebase-messaging:23.4.0] AndroidManifest.xml:32:13-73
252            <intent-filter>
252-->[com.google.firebase:firebase-messaging:23.4.0] AndroidManifest.xml:33:13-35:29
253                <action android:name="com.google.android.c2dm.intent.RECEIVE" />
253-->[com.google.firebase:firebase-messaging:23.4.0] AndroidManifest.xml:34:17-81
253-->[com.google.firebase:firebase-messaging:23.4.0] AndroidManifest.xml:34:25-78
254            </intent-filter>
255
256            <meta-data
256-->[com.google.firebase:firebase-messaging:23.4.0] AndroidManifest.xml:37:13-39:40